1 10 9 Kevin Grevey Chris Welp Art Burris Andy Johnson NAO
1 10 9 6 3 2 Curtis Kitchen NAO
1 10 11 16 14 15 Frank Johnson Adrian Smith SIM
1 10 9 6 Ariel Maughan NAO
1 10 9 6 7 Bill Laimbeer Alec Kessler SIM
1 10 9 Kevin Grevey Chris Welp Art Burris Andy Johnson SIM
1 10 9 6 Ariel Maughan SIM
1 10 9 Kevin Grevey Chris Welp Art Burris SIM
1 10 11 16 Marvin Barnes Craig Dykema Ben McDonald SIM
1 10 9 6 3 2 Curtis Kitchen NAO
1 10 9 6 Ariel Maughan Michael Phelps Jaren Jackson Bill Ebben SIM
1 10 9 6 7 Bill Laimbeer SIM
1 10 11 Glenn McDonald Bob Kinney SIM
1 10 9 6 3 Johnny Orr Carl Shaeffer Bob Schafer SIM
1 10 11 Glenn McDonald Bob Kinney NAO
1 10 9 6 3 Johnny Orr Carl Shaeffer SIM
1 10 9 6 3 2 Curtis Kitchen NAO
1 10 9 6 3 Johnny Orr Carl Shaeffer Chris Harris SIM
1 10 9 Kevin Grevey Chris Welp SIM
1 Cliff Barker SIM
1 10 11 16 Marvin Barnes Craig Dykema SIM
1 10 9 6 3 2 Curtis Kitchen SIM
1 10 9 6 3 Johnny Orr Carl Shaeffer Chris Harris NAO
1 10 9 6 3 4 Herb Williams NAO
1 10 9 Kevin Grevey Chris Welp Joe Caldwell NAO
1 10 9 6 7 Bill Laimbeer Darren Tillis SIM
1 10 11 16 14 John Stroud Eddie Phillips NAO
1 10 9 Kevin Grevey Chris Welp Joe Caldwell NAO
1 10 11 Glenn McDonald Bob Kinney NAO
1 10 11 Glenn McDonald Bob Kinney NAO
1 10 9 Kevin Grevey Chris Welp Joe Caldwell NAO
1 10 11 16 14 John Stroud Eddie Phillips NAO
1 10 9 Kevin Grevey Chris Welp Joe Caldwell NAO
1 10 9 Kevin Grevey Chris Welp Joe Caldwell NAO
1 10 11 16 14 John Stroud Eddie Phillips SIM
1 10 9 Kevin Grevey Chris Welp Joe Caldwell NAO
1 10 11 16 14 15 Frank Johnson SIM
1 10 9 6 3 Johnny Orr Carl Shaeffer Chris Harris NAO
1 10 9 6 3 Johnny Orr Carl Shaeffer Chris Harris NAO
1 10 9 6 Ariel Maughan Michael Phelps Jaren Jackson Bill Ebben George Reynolds SIM
1 10 11 Glenn McDonald SIM
1 10 11 16 14 John Stroud Eddie Phillips Harold Pressley SIM
1 10 9 Kevin Grevey Chris Welp Joe Caldwell NAO
1 10 9 6 3 4 Herb Williams SIM
1 10 9 6 3 2 Curtis Kitchen Robert Horry NAO
1 10 11 16 14 John Stroud Eddie Phillips Harold Pressley Joe Buckhalter NAO
1 Cliff Barker Kevin Willis Jerry Fleishman NAO
1 10 11 Glenn McDonald Ron Harper Ollie Johnson NAO
1 10 11 16 14 13 Tony Bennett NAO
1 10 9 6 Ariel Maughan Michael Phelps Jaren Jackson SIM
1 10 11 16 Marvin Barnes Craig Dykema Ken Johnson Jeff Sanders SIM
1 10 9 6 3 2 Curtis Kitchen Robert Horry NAO
1 Cliff Barker Kevin Willis Jerry Fleishman SIM
1 10 11 16 14 John Stroud Eddie Phillips Harold Pressley Joe Buckhalter SIM
1 10 9 Kevin Grevey Chris Welp Joe Caldwell SIM
1 Cliff Barker Kevin Willis Jerry Fleishman NAO
1 10 11 16 14 John Stroud Eddie Phillips Harold Pressley Joe Buckhalter John Johnson SIM
1 10 11 16 14 John Stroud SIM
1 10 11 16 14 John Stroud Johnny Jones SIM
1 10 9 6 3 Johnny Orr SIM
1 10 11 16 Marvin Barnes Craig Dykema Ken Johnson SIM
1 10 11 16 Marvin Barnes Craig Dykema Ken Johnson Ken Norman SIM
1 10 9 Kevin Grevey SIM
1 Cliff Barker Kevin Willis SIM
1 10 11 16 14 15 Frank Johnson NAO
1 10 9 6 3 2 Curtis Kitchen Robert Horry NAO
1 10 Leo Kubiak SIM
1 10 11 16 14 13 Tony Bennett NAO
1 Cliff Barker Kevin Willis Paul Walther NAO
1 10 11 16 Marvin Barnes Craig Dykema Ken Johnson Ken Norman NAO
1 Cliff Barker Kevin Willis Paul Walther NAO
1 10 11 16 Marvin Barnes Craig Dykema Ken Johnson Ken Norman NAO
1 10 9 6 3 2 Curtis Kitchen Robert Horry NAO
1 10 9 6 3 2 Curtis Kitchen Robert Horry NAO
1 10 11 16 Marvin Barnes SIM
1 10 9 6 7 Bill Laimbeer Darren Tillis NAO
1 10 9 6 Ariel Maughan Michael Phelps SIM
1 10 9 6 3 4 Herb Williams Russ Schoene NAO
1 10 9 6 3 Johnny Orr Mike Davis SIM
1 10 11 16 Marvin Barnes NAO
1 10 9 6 7 Bill Laimbeer Darren Tillis NAO
1 10 9 Kevin Grevey Sarunas Marciulionis* NAO
1 Cliff Barker Kevin Willis Paul Walther NAO
1 10 11 Glenn McDonald Ron Harper Ollie Johnson SIM
1 10 9 6 3 2 Curtis Kitchen Robert Horry NAO
1 10 11 16 Marvin Barnes NAO
1 Cliff Barker Kevin Willis Paul Walther SIM
1 10 11 16 14 13 Tony Bennett NAO
1 10 9 6 7 Bill Laimbeer Darren Tillis NAO
1 10 11 16 14 John Stroud Johnny Jones NAO
1 10 11 16 14 John Stroud Johnny Jones NAO
1 10 9 6 3 2 Curtis Kitchen Robert Horry SIM
1 10 11 Glenn McDonald Ron Harper SIM
1 10 9 6 3 4 Herb Williams Russ Schoene SIM
1 10 9 Kevin Grevey Sarunas Marciulionis* SIM
1 10 9 6 Ariel Maughan Michael Phelps Stephen Thompson SIM
1 10 11 16 Marvin Barnes NAO
1 10 11 Glenn McDonald Ron Harper Toby Kimball SIM
1 10 11 16 14 13 Tony Bennett SIM
1 10 9 Kevin Grevey Sarunas Marciulionis* NAO
